which: no hbase in (/usr/local/bin:/usr/bin:/usr/local/sbin:/usr/sbin:/opt/module/jdk/bin:/opt/module/hadoop/bin:/opt/module/hadoop/sbin:/opt/module/kafka/bin:/opt/module/hive/bin:/opt/module/spark/bin:/home/zhenhao/.local/bin:/home/zhenhao/bin)
2023-05-15 14:57:48: Starting HiveServer2
Hive Session ID = 29f544cd-0bdd-4ff7-8aeb-1cc8dbe81e5c
Hive Session ID = c1861a81-c7b8-4939-aa86-8009e25ff1b8
Hive Session ID = dd2a91de-abba-4620-b779-5df6729cab86
Hive Session ID = 91264c3d-d014-41b3-8386-6067f20ba927
OK
OK
Query ID = zhenhao_20230515150331_0ee47090-3911-4e3a-a7fa-1d66e2d45392
Total jobs = 1
Launching Job 1 out of 1
In order to change the average load for a reducer (in bytes):
  set hive.exec.reducers.bytes.per.reducer=<number>
In order to limit the maximum number of reducers:
  set hive.exec.reducers.max=<number>
In order to set a constant number of reducers:
  set mapreduce.job.reduces=<number>
Running with YARN Application = application_1684128165178_0009
Kill Command = /opt/module/hadoop/bin/yarn application -kill application_1684128165178_0009
Hive on Spark Session Web UI URL: http://HadoopKL102:45498

Query Hive on Spark job[0] stages: [0, 1]
Spark job[0] status = RUNNING
Job Progress Format
CurrentTime StageId_StageAttemptId: SucceededTasksCount(+RunningTasksCount-FailedTasksCount)/TotalTasksCount
2023-05-15 15:04:12,234	Stage-0_0: 0(+1)/1	Stage-1_0: 0/1	
2023-05-15 15:04:15,285	Stage-0_0: 0(+1)/1	Stage-1_0: 0/1	
2023-05-15 15:04:18,322	Stage-0_0: 0(+1)/1	Stage-1_0: 0/1	
2023-05-15 15:04:19,339	Stage-0_0: 1/1 Finished	Stage-1_0: 0/1	
2023-05-15 15:04:20,370	Stage-0_0: 1/1 Finished	Stage-1_0: 1/1 Finished	
Spark job[0] finished successfully in 13.31 second(s)
Loading data to table gmall.ods_activity_info_full partition (dt=null)


	 Time taken to load dynamic partitions: 0.915 seconds
	 Time taken for adding to write entity : 0.003 seconds
OK
OK
Query ID = zhenhao_20230515150450_ad73ccbf-9fb6-4fba-9ef1-a6e6b9b940db
Total jobs = 1
Launching Job 1 out of 1
In order to change the average load for a reducer (in bytes):
  set hive.exec.reducers.bytes.per.reducer=<number>
In order to limit the maximum number of reducers:
  set hive.exec.reducers.max=<number>
In order to set a constant number of reducers:
  set mapreduce.job.reduces=<number>
Running with YARN Application = application_1684128165178_0009
Kill Command = /opt/module/hadoop/bin/yarn application -kill application_1684128165178_0009
Hive on Spark Session Web UI URL: http://HadoopKL102:45498

Query Hive on Spark job[1] stages: [2]
Spark job[1] status = RUNNING
Job Progress Format
CurrentTime StageId_StageAttemptId: SucceededTasksCount(+RunningTasksCount-FailedTasksCount)/TotalTasksCount
2023-05-15 15:04:52,164	Stage-2_0: 0/1	
2023-05-15 15:04:53,172	Stage-2_0: 0(+0,-3)/1	
Job failed with org.apache.spark.SparkException: Job aborted due to stage failure: Task 0 in stage 2.0 failed 4 times, most recent failure: Lost task 0.3 in stage 2.0 (TID 5, HadoopKL103, executor 1): UnknownReason
FAILED: Execution Error, return code 3 from org.apache.hadoop.hive.ql.exec.spark.SparkTask. Spark job failed during runtime. Please check stacktrace for the root cause.
OK
OK
OK
OK
OK
OK
OK
OK
OK
OK
OK
FAILED: SemanticException [Error 10001]: Table not found ods_activity_info_full
OK
OK
NoViableAltException(153@[917:1: ddlStatement : ( createDatabaseStatement | switchDatabaseStatement | dropDatabaseStatement | createTableStatement | dropTableStatement | truncateTableStatement | alterStatement | descStatement | showStatement | metastoreCheck | createViewStatement | createMaterializedViewStatement | dropViewStatement | dropMaterializedViewStatement | createFunctionStatement | createMacroStatement | dropFunctionStatement | reloadFunctionStatement | dropMacroStatement | analyzeStatement | lockStatement | unlockStatement | lockDatabase | unlockDatabase | createRoleStatement | dropRoleStatement | ( grantPrivileges )=> grantPrivileges | ( revokePrivileges )=> revokePrivileges | showGrants | showRoleGrants | showRolePrincipals | showRoles | grantRole | revokeRole | setRole | showCurrentRole | abortTransactionStatement | killQueryStatement | resourcePlanDdlStatements );])
	at org.antlr.runtime.DFA.noViableAlt(DFA.java:158)
	at org.antlr.runtime.DFA.predict(DFA.java:116)
	at org.apache.hadoop.hive.ql.parse.HiveParser.ddlStatement(HiveParser.java:4244)
	at org.apache.hadoop.hive.ql.parse.HiveParser.execStatement(HiveParser.java:2494)
	at org.apache.hadoop.hive.ql.parse.HiveParser.statement(HiveParser.java:1420)
	at org.apache.hadoop.hive.ql.parse.ParseDriver.parse(ParseDriver.java:220)
	at org.apache.hadoop.hive.ql.parse.ParseUtils.parse(ParseUtils.java:74)
	at org.apache.hadoop.hive.ql.parse.ParseUtils.parse(ParseUtils.java:67)
	at org.apache.hadoop.hive.ql.Driver.compile(Driver.java:616)
	at org.apache.hadoop.hive.ql.Driver.compileInternal(Driver.java:1826)
	at org.apache.hadoop.hive.ql.Driver.compileAndRespond(Driver.java:1773)
	at org.apache.hadoop.hive.ql.Driver.compileAndRespond(Driver.java:1768)
	at org.apache.hadoop.hive.ql.reexec.ReExecDriver.compileAndRespond(ReExecDriver.java:126)
	at org.apache.hive.service.cli.operation.SQLOperation.prepare(SQLOperation.java:197)
	at org.apache.hive.service.cli.operation.SQLOperation.runInternal(SQLOperation.java:260)
	at org.apache.hive.service.cli.operation.Operation.run(Operation.java:247)
	at org.apache.hive.service.cli.session.HiveSessionImpl.executeStatementInternal(HiveSessionImpl.java:541)
	at org.apache.hive.service.cli.session.HiveSessionImpl.executeStatementAsync(HiveSessionImpl.java:527)
	at sun.reflect.GeneratedMethodAccessor41.invoke(Unknown Source)
	at sun.reflect.DelegatingMethodAccessorImpl.invoke(DelegatingMethodAccessorImpl.java:43)
	at java.lang.reflect.Method.invoke(Method.java:498)
	at org.apache.hive.service.cli.session.HiveSessionProxy.invoke(HiveSessionProxy.java:78)
	at org.apache.hive.service.cli.session.HiveSessionProxy.access$000(HiveSessionProxy.java:36)
	at org.apache.hive.service.cli.session.HiveSessionProxy$1.run(HiveSessionProxy.java:63)
	at java.security.AccessController.doPrivileged(Native Method)
	at javax.security.auth.Subject.doAs(Subject.java:422)
	at org.apache.hadoop.security.UserGroupInformation.doAs(UserGroupInformation.java:1729)
	at org.apache.hive.service.cli.session.HiveSessionProxy.invoke(HiveSessionProxy.java:59)
	at com.sun.proxy.$Proxy44.executeStatementAsync(Unknown Source)
	at org.apache.hive.service.cli.CLIService.executeStatementAsync(CLIService.java:312)
	at org.apache.hive.service.cli.thrift.ThriftCLIService.ExecuteStatement(ThriftCLIService.java:562)
	at org.apache.hive.service.rpc.thrift.TCLIService$Processor$ExecuteStatement.getResult(TCLIService.java:1557)
	at org.apache.hive.service.rpc.thrift.TCLIService$Processor$ExecuteStatement.getResult(TCLIService.java:1542)
	at org.apache.thrift.ProcessFunction.process(ProcessFunction.java:39)
	at org.apache.thrift.TBaseProcessor.process(TBaseProcessor.java:39)
	at org.apache.hive.service.auth.TSetIpAddressProcessor.process(TSetIpAddressProcessor.java:56)
	at org.apache.thrift.server.TThreadPoolServer$WorkerProcess.run(TThreadPoolServer.java:286)
	at java.util.concurrent.ThreadPoolExecutor.runWorker(ThreadPoolExecutor.java:1149)
	at java.util.concurrent.ThreadPoolExecutor$Worker.run(ThreadPoolExecutor.java:624)
	at java.lang.Thread.run(Thread.java:748)
FAILED: ParseException line 1:5 cannot recognize input near 'show' 'indexes' 'on' in ddl statement
OK
OK
OK
OK
OK
OK
OK
OK
OK
OK
OK
OK
OK
OK
OK
OK
OK
OK
OK
OK
OK
OK
OK
OK
OK
OK
OK
OK
OK
OK
OK
OK
OK
OK
OK
OK
OK
OK
OK
OK
OK
OK
OK
OK
OK
OK
OK
OK
OK
OK
OK
OK
OK
OK
OK
OK
OK
OK
OK
OK
OK
OK
OK
OK
OK
OK
OK
OK
OK
OK
OK
OK
OK
OK
OK
OK
OK
OK
OK
OK
OK
OK
OK
OK
OK
OK
OK
OK
OK
OK
OK
OK
OK
OK
OK
OK
OK
OK
OK
OK
OK
OK
OK
OK
OK
OK
OK
OK
OK
OK
OK
OK
OK
OK
OK
OK
OK
OK
OK
OK
OK
OK
OK
OK
OK
OK
OK
OK
OK
OK
OK
OK
OK
OK
OK
OK
OK
OK
OK
OK
OK
OK
OK
OK
OK
OK
OK
OK
OK
OK
OK
OK
OK
OK
OK
OK
OK
OK
OK
OK
OK
OK
OK
OK
OK
OK
OK
OK
OK
OK
OK
OK
OK
OK
OK
OK
OK
OK
OK
OK
OK
OK
OK
OK
OK
OK
OK
OK
OK
OK
OK
OK
OK
OK
OK
OK
OK
OK
OK
OK
OK
OK
OK
OK
OK
OK
OK
OK
OK
OK
OK
OK
OK
OK
OK
OK
OK
OK
OK
OK
OK
OK
OK
OK
OK
OK
OK
OK
OK
OK
OK
OK
OK
OK
OK
OK
OK
OK
OK
OK
OK
OK
OK
OK
OK
OK
OK
OK
OK
OK
OK
OK
OK
OK
OK
OK
OK
OK
OK
OK
OK
OK
OK
OK
OK
OK
OK
OK
OK
OK
OK
OK
OK
NoViableAltException(153@[917:1: ddlStatement : ( createDatabaseStatement | switchDatabaseStatement | dropDatabaseStatement | createTableStatement | dropTableStatement | truncateTableStatement | alterStatement | descStatement | showStatement | metastoreCheck | createViewStatement | createMaterializedViewStatement | dropViewStatement | dropMaterializedViewStatement | createFunctionStatement | createMacroStatement | dropFunctionStatement | reloadFunctionStatement | dropMacroStatement | analyzeStatement | lockStatement | unlockStatement | lockDatabase | unlockDatabase | createRoleStatement | dropRoleStatement | ( grantPrivileges )=> grantPrivileges | ( revokePrivileges )=> revokePrivileges | showGrants | showRoleGrants | showRolePrincipals | showRoles | grantRole | revokeRole | setRole | showCurrentRole | abortTransactionStatement | killQueryStatement | resourcePlanDdlStatements );])
	at org.antlr.runtime.DFA.noViableAlt(DFA.java:158)
	at org.antlr.runtime.DFA.predict(DFA.java:116)
	at org.apache.hadoop.hive.ql.parse.HiveParser.ddlStatement(HiveParser.java:4244)
	at org.apache.hadoop.hive.ql.parse.HiveParser.execStatement(HiveParser.java:2494)
	at org.apache.hadoop.hive.ql.parse.HiveParser.statement(HiveParser.java:1420)
	at org.apache.hadoop.hive.ql.parse.ParseDriver.parse(ParseDriver.java:220)
	at org.apache.hadoop.hive.ql.parse.ParseUtils.parse(ParseUtils.java:74)
	at org.apache.hadoop.hive.ql.parse.ParseUtils.parse(ParseUtils.java:67)
	at org.apache.hadoop.hive.ql.Driver.compile(Driver.java:616)
	at org.apache.hadoop.hive.ql.Driver.compileInternal(Driver.java:1826)
	at org.apache.hadoop.hive.ql.Driver.compileAndRespond(Driver.java:1773)
	at org.apache.hadoop.hive.ql.Driver.compileAndRespond(Driver.java:1768)
	at org.apache.hadoop.hive.ql.reexec.ReExecDriver.compileAndRespond(ReExecDriver.java:126)
	at org.apache.hive.service.cli.operation.SQLOperation.prepare(SQLOperation.java:197)
	at org.apache.hive.service.cli.operation.SQLOperation.runInternal(SQLOperation.java:260)
	at org.apache.hive.service.cli.operation.Operation.run(Operation.java:247)
	at org.apache.hive.service.cli.session.HiveSessionImpl.executeStatementInternal(HiveSessionImpl.java:541)
	at org.apache.hive.service.cli.session.HiveSessionImpl.executeStatementAsync(HiveSessionImpl.java:527)
	at sun.reflect.GeneratedMethodAccessor41.invoke(Unknown Source)
	at sun.reflect.DelegatingMethodAccessorImpl.invoke(DelegatingMethodAccessorImpl.java:43)
	at java.lang.reflect.Method.invoke(Method.java:498)
	at org.apache.hive.service.cli.session.HiveSessionProxy.invoke(HiveSessionProxy.java:78)
	at org.apache.hive.service.cli.session.HiveSessionProxy.access$000(HiveSessionProxy.java:36)
	at org.apache.hive.service.cli.session.HiveSessionProxy$1.run(HiveSessionProxy.java:63)
	at java.security.AccessController.doPrivileged(Native Method)
	at javax.security.auth.Subject.doAs(Subject.java:422)
	at org.apache.hadoop.security.UserGroupInformation.doAs(UserGroupInformation.java:1729)
	at org.apache.hive.service.cli.session.HiveSessionProxy.invoke(HiveSessionProxy.java:59)
	at com.sun.proxy.$Proxy44.executeStatementAsync(Unknown Source)
	at org.apache.hive.service.cli.CLIService.executeStatementAsync(CLIService.java:312)
	at org.apache.hive.service.cli.thrift.ThriftCLIService.ExecuteStatement(ThriftCLIService.java:562)
	at org.apache.hive.service.rpc.thrift.TCLIService$Processor$ExecuteStatement.getResult(TCLIService.java:1557)
	at org.apache.hive.service.rpc.thrift.TCLIService$Processor$ExecuteStatement.getResult(TCLIService.java:1542)
	at org.apache.thrift.ProcessFunction.process(ProcessFunction.java:39)
	at org.apache.thrift.TBaseProcessor.process(TBaseProcessor.java:39)
	at org.apache.hive.service.auth.TSetIpAddressProcessor.process(TSetIpAddressProcessor.java:56)
	at org.apache.thrift.server.TThreadPoolServer$WorkerProcess.run(TThreadPoolServer.java:286)
	at java.util.concurrent.ThreadPoolExecutor.runWorker(ThreadPoolExecutor.java:1149)
	at java.util.concurrent.ThreadPoolExecutor$Worker.run(ThreadPoolExecutor.java:624)
	at java.lang.Thread.run(Thread.java:748)
FAILED: ParseException line 1:5 cannot recognize input near 'show' 'indexes' 'on' in ddl statement
OK
FAILED: SemanticException [Error 10001]: Table not found ods_activity_info_full
OK
OK
NoViableAltException(153@[917:1: ddlStatement : ( createDatabaseStatement | switchDatabaseStatement | dropDatabaseStatement | createTableStatement | dropTableStatement | truncateTableStatement | alterStatement | descStatement | showStatement | metastoreCheck | createViewStatement | createMaterializedViewStatement | dropViewStatement | dropMaterializedViewStatement | createFunctionStatement | createMacroStatement | dropFunctionStatement | reloadFunctionStatement | dropMacroStatement | analyzeStatement | lockStatement | unlockStatement | lockDatabase | unlockDatabase | createRoleStatement | dropRoleStatement | ( grantPrivileges )=> grantPrivileges | ( revokePrivileges )=> revokePrivileges | showGrants | showRoleGrants | showRolePrincipals | showRoles | grantRole | revokeRole | setRole | showCurrentRole | abortTransactionStatement | killQueryStatement | resourcePlanDdlStatements );])
	at org.antlr.runtime.DFA.noViableAlt(DFA.java:158)
	at org.antlr.runtime.DFA.predict(DFA.java:116)
	at org.apache.hadoop.hive.ql.parse.HiveParser.ddlStatement(HiveParser.java:4244)
	at org.apache.hadoop.hive.ql.parse.HiveParser.execStatement(HiveParser.java:2494)
	at org.apache.hadoop.hive.ql.parse.HiveParser.statement(HiveParser.java:1420)
	at org.apache.hadoop.hive.ql.parse.ParseDriver.parse(ParseDriver.java:220)
	at org.apache.hadoop.hive.ql.parse.ParseUtils.parse(ParseUtils.java:74)
	at org.apache.hadoop.hive.ql.parse.ParseUtils.parse(ParseUtils.java:67)
	at org.apache.hadoop.hive.ql.Driver.compile(Driver.java:616)
	at org.apache.hadoop.hive.ql.Driver.compileInternal(Driver.java:1826)
	at org.apache.hadoop.hive.ql.Driver.compileAndRespond(Driver.java:1773)
	at org.apache.hadoop.hive.ql.Driver.compileAndRespond(Driver.java:1768)
	at org.apache.hadoop.hive.ql.reexec.ReExecDriver.compileAndRespond(ReExecDriver.java:126)
	at org.apache.hive.service.cli.operation.SQLOperation.prepare(SQLOperation.java:197)
	at org.apache.hive.service.cli.operation.SQLOperation.runInternal(SQLOperation.java:260)
	at org.apache.hive.service.cli.operation.Operation.run(Operation.java:247)
	at org.apache.hive.service.cli.session.HiveSessionImpl.executeStatementInternal(HiveSessionImpl.java:541)
	at org.apache.hive.service.cli.session.HiveSessionImpl.executeStatementAsync(HiveSessionImpl.java:527)
	at sun.reflect.GeneratedMethodAccessor41.invoke(Unknown Source)
	at sun.reflect.DelegatingMethodAccessorImpl.invoke(DelegatingMethodAccessorImpl.java:43)
	at java.lang.reflect.Method.invoke(Method.java:498)
	at org.apache.hive.service.cli.session.HiveSessionProxy.invoke(HiveSessionProxy.java:78)
	at org.apache.hive.service.cli.session.HiveSessionProxy.access$000(HiveSessionProxy.java:36)
	at org.apache.hive.service.cli.session.HiveSessionProxy$1.run(HiveSessionProxy.java:63)
	at java.security.AccessController.doPrivileged(Native Method)
	at javax.security.auth.Subject.doAs(Subject.java:422)
	at org.apache.hadoop.security.UserGroupInformation.doAs(UserGroupInformation.java:1729)
	at org.apache.hive.service.cli.session.HiveSessionProxy.invoke(HiveSessionProxy.java:59)
	at com.sun.proxy.$Proxy44.executeStatementAsync(Unknown Source)
	at org.apache.hive.service.cli.CLIService.executeStatementAsync(CLIService.java:312)
	at org.apache.hive.service.cli.thrift.ThriftCLIService.ExecuteStatement(ThriftCLIService.java:562)
	at org.apache.hive.service.rpc.thrift.TCLIService$Processor$ExecuteStatement.getResult(TCLIService.java:1557)
	at org.apache.hive.service.rpc.thrift.TCLIService$Processor$ExecuteStatement.getResult(TCLIService.java:1542)
	at org.apache.thrift.ProcessFunction.process(ProcessFunction.java:39)
	at org.apache.thrift.TBaseProcessor.process(TBaseProcessor.java:39)
	at org.apache.hive.service.auth.TSetIpAddressProcessor.process(TSetIpAddressProcessor.java:56)
	at org.apache.thrift.server.TThreadPoolServer$WorkerProcess.run(TThreadPoolServer.java:286)
	at java.util.concurrent.ThreadPoolExecutor.runWorker(ThreadPoolExecutor.java:1149)
	at java.util.concurrent.ThreadPoolExecutor$Worker.run(ThreadPoolExecutor.java:624)
	at java.lang.Thread.run(Thread.java:748)
FAILED: ParseException line 1:5 cannot recognize input near 'show' 'indexes' 'on' in ddl statement
OK
OK
OK
OK
OK
OK
OK
OK
OK
OK
OK
OK
OK
OK
OK
OK
OK
FAILED: Execution Error, return code 1 from org.apache.hadoop.hive.ql.exec.DDLTask. Current user : zhenhao is not allowed to list roles. User has to belong to ADMIN role and have it as current role, for this action.
FAILED: Execution Error, return code 1 from org.apache.hadoop.hive.ql.exec.DDLTask. Current user : zhenhao is not allowed get principals in a role. User has to belong to ADMIN role and have it as current role, for this action. Otherwise, grantor need to have ADMIN OPTION on role being granted and have it as a current role for this action.
which: no hbase in (/usr/local/bin:/usr/bin:/usr/local/sbin:/usr/sbin:/opt/module/jdk/bin:/opt/module/hadoop/bin:/opt/module/hadoop/sbin:/opt/module/kafka/bin:/opt/module/hive/bin:/opt/module/spark/bin:/home/zhenhao/.local/bin:/home/zhenhao/bin)
2023-05-15 15:10:10: Starting HiveServer2
Hive Session ID = 1223453c-d82f-40a5-8253-f8aa24c7c127
Hive Session ID = 07971da4-7df9-4c60-91dd-fa48cbfa9e08
Hive Session ID = e29d450b-1b0f-4d18-ae9e-f73067eaef92
Hive Session ID = 93f47192-5035-4383-b5c1-8a6917d79d05
Hive Session ID = b85d0d0b-a1fc-4955-93c4-46b4f3298a66
Hive Session ID = 6df57746-c78b-4c75-a721-e26ca696d7df
Hive Session ID = 177e6e69-fc53-476b-9614-2ce6111f1374
Hive Session ID = c27ded8b-e1ae-4705-88cf-9add95273cb8
OK
OK
OK
OK
OK
OK
OK
OK
OK
OK
OK
FAILED: Execution Error, return code 1 from org.apache.hadoop.hive.ql.exec.DDLTask. Current user : zhenhao is not allowed to list roles. User has to belong to ADMIN role and have it as current role, for this action.
FAILED: Execution Error, return code 1 from org.apache.hadoop.hive.ql.exec.DDLTask. Current user : zhenhao is not allowed get principals in a role. User has to belong to ADMIN role and have it as current role, for this action. Otherwise, grantor need to have ADMIN OPTION on role being granted and have it as a current role for this action.
OK
OK
OK
OK
OK
OK
OK
OK
OK
FAILED: SemanticException [Error 10001]: Table not found ods_activity_info_full
FAILED: SemanticException [Error 10001]: Table not found ods_cart_info_full
OK
OK
NoViableAltException(153@[917:1: ddlStatement : ( createDatabaseStatement | switchDatabaseStatement | dropDatabaseStatement | createTableStatement | dropTableStatement | truncateTableStatement | alterStatement | descStatement | showStatement | metastoreCheck | createViewStatement | createMaterializedViewStatement | dropViewStatement | dropMaterializedViewStatement | createFunctionStatement | createMacroStatement | dropFunctionStatement | reloadFunctionStatement | dropMacroStatement | analyzeStatement | lockStatement | unlockStatement | lockDatabase | unlockDatabase | createRoleStatement | dropRoleStatement | ( grantPrivileges )=> grantPrivileges | ( revokePrivileges )=> revokePrivileges | showGrants | showRoleGrants | showRolePrincipals | showRoles | grantRole | revokeRole | setRole | showCurrentRole | abortTransactionStatement | killQueryStatement | resourcePlanDdlStatements );])
	at org.antlr.runtime.DFA.noViableAlt(DFA.java:158)
	at org.antlr.runtime.DFA.predict(DFA.java:116)
	at org.apache.hadoop.hive.ql.parse.HiveParser.ddlStatement(HiveParser.java:4244)
	at org.apache.hadoop.hive.ql.parse.HiveParser.execStatement(HiveParser.java:2494)
	at org.apache.hadoop.hive.ql.parse.HiveParser.statement(HiveParser.java:1420)
	at org.apache.hadoop.hive.ql.parse.ParseDriver.parse(ParseDriver.java:220)
	at org.apache.hadoop.hive.ql.parse.ParseUtils.parse(ParseUtils.java:74)
	at org.apache.hadoop.hive.ql.parse.ParseUtils.parse(ParseUtils.java:67)
	at org.apache.hadoop.hive.ql.Driver.compile(Driver.java:616)
	at org.apache.hadoop.hive.ql.Driver.compileInternal(Driver.java:1826)
	at org.apache.hadoop.hive.ql.Driver.compileAndRespond(Driver.java:1773)
	at org.apache.hadoop.hive.ql.Driver.compileAndRespond(Driver.java:1768)
	at org.apache.hadoop.hive.ql.reexec.ReExecDriver.compileAndRespond(ReExecDriver.java:126)
	at org.apache.hive.service.cli.operation.SQLOperation.prepare(SQLOperation.java:197)
	at org.apache.hive.service.cli.operation.SQLOperation.runInternal(SQLOperation.java:260)
	at org.apache.hive.service.cli.operation.Operation.run(Operation.java:247)
	at org.apache.hive.service.cli.session.HiveSessionImpl.executeStatementInternal(HiveSessionImpl.java:541)
	at org.apache.hive.service.cli.session.HiveSessionImpl.executeStatementAsync(HiveSessionImpl.java:527)
	at sun.reflect.GeneratedMethodAccessor41.invoke(Unknown Source)
	at sun.reflect.DelegatingMethodAccessorImpl.invoke(DelegatingMethodAccessorImpl.java:43)
	at java.lang.reflect.Method.invoke(Method.java:498)
	at org.apache.hive.service.cli.session.HiveSessionProxy.invoke(HiveSessionProxy.java:78)
	at org.apache.hive.service.cli.session.HiveSessionProxy.access$000(HiveSessionProxy.java:36)
	at org.apache.hive.service.cli.session.HiveSessionProxy$1.run(HiveSessionProxy.java:63)
	at java.security.AccessController.doPrivileged(Native Method)
	at javax.security.auth.Subject.doAs(Subject.java:422)
	at org.apache.hadoop.security.UserGroupInformation.doAs(UserGroupInformation.java:1729)
	at org.apache.hive.service.cli.session.HiveSessionProxy.invoke(HiveSessionProxy.java:59)
	at com.sun.proxy.$Proxy44.executeStatementAsync(Unknown Source)
	at org.apache.hive.service.cli.CLIService.executeStatementAsync(CLIService.java:312)
	at org.apache.hive.service.cli.thrift.ThriftCLIService.ExecuteStatement(ThriftCLIService.java:562)
	at org.apache.hive.service.rpc.thrift.TCLIService$Processor$ExecuteStatement.getResult(TCLIService.java:1557)
	at org.apache.hive.service.rpc.thrift.TCLIService$Processor$ExecuteStatement.getResult(TCLIService.java:1542)
	at org.apache.thrift.ProcessFunction.process(ProcessFunction.java:39)
	at org.apache.thrift.TBaseProcessor.process(TBaseProcessor.java:39)
	at org.apache.hive.service.auth.TSetIpAddressProcessor.process(TSetIpAddressProcessor.java:56)
	at org.apache.thrift.server.TThreadPoolServer$WorkerProcess.run(TThreadPoolServer.java:286)
	at java.util.concurrent.ThreadPoolExecutor.runWorker(ThreadPoolExecutor.java:1149)
	at java.util.concurrent.ThreadPoolExecutor$Worker.run(ThreadPoolExecutor.java:624)
	at java.lang.Thread.run(Thread.java:748)
FAILED: ParseException line 1:5 cannot recognize input near 'show' 'indexes' 'on' in ddl statement
NoViableAltException(153@[917:1: ddlStatement : ( createDatabaseStatement | switchDatabaseStatement | dropDatabaseStatement | createTableStatement | dropTableStatement | truncateTableStatement | alterStatement | descStatement | showStatement | metastoreCheck | createViewStatement | createMaterializedViewStatement | dropViewStatement | dropMaterializedViewStatement | createFunctionStatement | createMacroStatement | dropFunctionStatement | reloadFunctionStatement | dropMacroStatement | analyzeStatement | lockStatement | unlockStatement | lockDatabase | unlockDatabase | createRoleStatement | dropRoleStatement | ( grantPrivileges )=> grantPrivileges | ( revokePrivileges )=> revokePrivileges | showGrants | showRoleGrants | showRolePrincipals | showRoles | grantRole | revokeRole | setRole | showCurrentRole | abortTransactionStatement | killQueryStatement | resourcePlanDdlStatements );])
	at org.antlr.runtime.DFA.noViableAlt(DFA.java:158)
	at org.antlr.runtime.DFA.predict(DFA.java:116)
	at org.apache.hadoop.hive.ql.parse.HiveParser.ddlStatement(HiveParser.java:4244)
	at org.apache.hadoop.hive.ql.parse.HiveParser.execStatement(HiveParser.java:2494)
	at org.apache.hadoop.hive.ql.parse.HiveParser.statement(HiveParser.java:1420)
	at org.apache.hadoop.hive.ql.parse.ParseDriver.parse(ParseDriver.java:220)
	at org.apache.hadoop.hive.ql.parse.ParseUtils.parse(ParseUtils.java:74)
	at org.apache.hadoop.hive.ql.parse.ParseUtils.parse(ParseUtils.java:67)
	at org.apache.hadoop.hive.ql.Driver.compile(Driver.java:616)
	at org.apache.hadoop.hive.ql.Driver.compileInternal(Driver.java:1826)
	at org.apache.hadoop.hive.ql.Driver.compileAndRespond(Driver.java:1773)
	at org.apache.hadoop.hive.ql.Driver.compileAndRespond(Driver.java:1768)
	at org.apache.hadoop.hive.ql.reexec.ReExecDriver.compileAndRespond(ReExecDriver.java:126)
	at org.apache.hive.service.cli.operation.SQLOperation.prepare(SQLOperation.java:197)
	at org.apache.hive.service.cli.operation.SQLOperation.runInternal(SQLOperation.java:260)
	at org.apache.hive.service.cli.operation.Operation.run(Operation.java:247)
	at org.apache.hive.service.cli.session.HiveSessionImpl.executeStatementInternal(HiveSessionImpl.java:541)
	at org.apache.hive.service.cli.session.HiveSessionImpl.executeStatementAsync(HiveSessionImpl.java:527)
	at sun.reflect.GeneratedMethodAccessor41.invoke(Unknown Source)
	at sun.reflect.DelegatingMethodAccessorImpl.invoke(DelegatingMethodAccessorImpl.java:43)
	at java.lang.reflect.Method.invoke(Method.java:498)
	at org.apache.hive.service.cli.session.HiveSessionProxy.invoke(HiveSessionProxy.java:78)
	at org.apache.hive.service.cli.session.HiveSessionProxy.access$000(HiveSessionProxy.java:36)
	at org.apache.hive.service.cli.session.HiveSessionProxy$1.run(HiveSessionProxy.java:63)
	at java.security.AccessController.doPrivileged(Native Method)
	at javax.security.auth.Subject.doAs(Subject.java:422)
	at org.apache.hadoop.security.UserGroupInformation.doAs(UserGroupInformation.java:1729)
	at org.apache.hive.service.cli.session.HiveSessionProxy.invoke(HiveSessionProxy.java:59)
	at com.sun.proxy.$Proxy44.executeStatementAsync(Unknown Source)
	at org.apache.hive.service.cli.CLIService.executeStatementAsync(CLIService.java:312)
	at org.apache.hive.service.cli.thrift.ThriftCLIService.ExecuteStatement(ThriftCLIService.java:562)
	at org.apache.hive.service.rpc.thrift.TCLIService$Processor$ExecuteStatement.getResult(TCLIService.java:1557)
	at org.apache.hive.service.rpc.thrift.TCLIService$Processor$ExecuteStatement.getResult(TCLIService.java:1542)
	at org.apache.thrift.ProcessFunction.process(ProcessFunction.java:39)
	at org.apache.thrift.TBaseProcessor.process(TBaseProcessor.java:39)
	at org.apache.hive.service.auth.TSetIpAddressProcessor.process(TSetIpAddressProcessor.java:56)
	at org.apache.thrift.server.TThreadPoolServer$WorkerProcess.run(TThreadPoolServer.java:286)
	at java.util.concurrent.ThreadPoolExecutor.runWorker(ThreadPoolExecutor.java:1149)
	at java.util.concurrent.ThreadPoolExecutor$Worker.run(ThreadPoolExecutor.java:624)
	at java.lang.Thread.run(Thread.java:748)
FAILED: ParseException line 1:5 cannot recognize input near 'show' 'indexes' 'on' in ddl statement
OK
OK
OK
OK
OK
OK
OK
OK
OK
OK
OK
Hive Session ID = 7e7be5f1-3e1b-4e17-aa58-000f42d4f999
Hive Session ID = 8ccb7f08-2eac-435f-bd2e-fe3645d21356
OK
OK
OK
OK
OK
OK
OK
OK
OK
OK
OK
OK
OK
OK
OK
OK
OK
NoViableAltException(153@[917:1: ddlStatement : ( createDatabaseStatement | switchDatabaseStatement | dropDatabaseStatement | createTableStatement | dropTableStatement | truncateTableStatement | alterStatement | descStatement | showStatement | metastoreCheck | createViewStatement | createMaterializedViewStatement | dropViewStatement | dropMaterializedViewStatement | createFunctionStatement | createMacroStatement | dropFunctionStatement | reloadFunctionStatement | dropMacroStatement | analyzeStatement | lockStatement | unlockStatement | lockDatabase | unlockDatabase | createRoleStatement | dropRoleStatement | ( grantPrivileges )=> grantPrivileges | ( revokePrivileges )=> revokePrivileges | showGrants | showRoleGrants | showRolePrincipals | showRoles | grantRole | revokeRole | setRole | showCurrentRole | abortTransactionStatement | killQueryStatement | resourcePlanDdlStatements );])
	at org.antlr.runtime.DFA.noViableAlt(DFA.java:158)
	at org.antlr.runtime.DFA.predict(DFA.java:116)
	at org.apache.hadoop.hive.ql.parse.HiveParser.ddlStatement(HiveParser.java:4244)
	at org.apache.hadoop.hive.ql.parse.HiveParser.execStatement(HiveParser.java:2494)
	at org.apache.hadoop.hive.ql.parse.HiveParser.statement(HiveParser.java:1420)
	at org.apache.hadoop.hive.ql.parse.ParseDriver.parse(ParseDriver.java:220)
	at org.apache.hadoop.hive.ql.parse.ParseUtils.parse(ParseUtils.java:74)
	at org.apache.hadoop.hive.ql.parse.ParseUtils.parse(ParseUtils.java:67)
	at org.apache.hadoop.hive.ql.Driver.compile(Driver.java:616)
	at org.apache.hadoop.hive.ql.Driver.compileInternal(Driver.java:1826)
	at org.apache.hadoop.hive.ql.Driver.compileAndRespond(Driver.java:1773)
	at org.apache.hadoop.hive.ql.Driver.compileAndRespond(Driver.java:1768)
	at org.apache.hadoop.hive.ql.reexec.ReExecDriver.compileAndRespond(ReExecDriver.java:126)
	at org.apache.hive.service.cli.operation.SQLOperation.prepare(SQLOperation.java:197)
	at org.apache.hive.service.cli.operation.SQLOperation.runInternal(SQLOperation.java:260)
	at org.apache.hive.service.cli.operation.Operation.run(Operation.java:247)
	at org.apache.hive.service.cli.session.HiveSessionImpl.executeStatementInternal(HiveSessionImpl.java:541)
	at org.apache.hive.service.cli.session.HiveSessionImpl.executeStatementAsync(HiveSessionImpl.java:527)
	at sun.reflect.GeneratedMethodAccessor41.invoke(Unknown Source)
	at sun.reflect.DelegatingMethodAccessorImpl.invoke(DelegatingMethodAccessorImpl.java:43)
	at java.lang.reflect.Method.invoke(Method.java:498)
	at org.apache.hive.service.cli.session.HiveSessionProxy.invoke(HiveSessionProxy.java:78)
	at org.apache.hive.service.cli.session.HiveSessionProxy.access$000(HiveSessionProxy.java:36)
	at org.apache.hive.service.cli.session.HiveSessionProxy$1.run(HiveSessionProxy.java:63)
	at java.security.AccessController.doPrivileged(Native Method)
	at javax.security.auth.Subject.doAs(Subject.java:422)
	at org.apache.hadoop.security.UserGroupInformation.doAs(UserGroupInformation.java:1729)
	at org.apache.hive.service.cli.session.HiveSessionProxy.invoke(HiveSessionProxy.java:59)
	at com.sun.proxy.$Proxy44.executeStatementAsync(Unknown Source)
	at org.apache.hive.service.cli.CLIService.executeStatementAsync(CLIService.java:312)
	at org.apache.hive.service.cli.thrift.ThriftCLIService.ExecuteStatement(ThriftCLIService.java:562)
	at org.apache.hive.service.rpc.thrift.TCLIService$Processor$ExecuteStatement.getResult(TCLIService.java:1557)
	at org.apache.hive.service.rpc.thrift.TCLIService$Processor$ExecuteStatement.getResult(TCLIService.java:1542)
	at org.apache.thrift.ProcessFunction.process(ProcessFunction.java:39)
	at org.apache.thrift.TBaseProcessor.process(TBaseProcessor.java:39)
	at org.apache.hive.service.auth.TSetIpAddressProcessor.process(TSetIpAddressProcessor.java:56)
	at org.apache.thrift.server.TThreadPoolServer$WorkerProcess.run(TThreadPoolServer.java:286)
	at java.util.concurrent.ThreadPoolExecutor.runWorker(ThreadPoolExecutor.java:1149)
	at java.util.concurrent.ThreadPoolExecutor$Worker.run(ThreadPoolExecutor.java:624)
	at java.lang.Thread.run(Thread.java:748)
FAILED: ParseException line 1:5 cannot recognize input near 'show' 'indexes' 'on' in ddl statement
OK
FAILED: SemanticException [Error 10001]: Table not found ods_activity_info_full
FAILED: SemanticException [Error 10001]: Table not found ods_cart_info_full
OK
OK
NoViableAltException(153@[917:1: ddlStatement : ( createDatabaseStatement | switchDatabaseStatement | dropDatabaseStatement | createTableStatement | dropTableStatement | truncateTableStatement | alterStatement | descStatement | showStatement | metastoreCheck | createViewStatement | createMaterializedViewStatement | dropViewStatement | dropMaterializedViewStatement | createFunctionStatement | createMacroStatement | dropFunctionStatement | reloadFunctionStatement | dropMacroStatement | analyzeStatement | lockStatement | unlockStatement | lockDatabase | unlockDatabase | createRoleStatement | dropRoleStatement | ( grantPrivileges )=> grantPrivileges | ( revokePrivileges )=> revokePrivileges | showGrants | showRoleGrants | showRolePrincipals | showRoles | grantRole | revokeRole | setRole | showCurrentRole | abortTransactionStatement | killQueryStatement | resourcePlanDdlStatements );])
	at org.antlr.runtime.DFA.noViableAlt(DFA.java:158)
	at org.antlr.runtime.DFA.predict(DFA.java:116)
	at org.apache.hadoop.hive.ql.parse.HiveParser.ddlStatement(HiveParser.java:4244)
	at org.apache.hadoop.hive.ql.parse.HiveParser.execStatement(HiveParser.java:2494)
	at org.apache.hadoop.hive.ql.parse.HiveParser.statement(HiveParser.java:1420)
	at org.apache.hadoop.hive.ql.parse.ParseDriver.parse(ParseDriver.java:220)
	at org.apache.hadoop.hive.ql.parse.ParseUtils.parse(ParseUtils.java:74)
	at org.apache.hadoop.hive.ql.parse.ParseUtils.parse(ParseUtils.java:67)
	at org.apache.hadoop.hive.ql.Driver.compile(Driver.java:616)
	at org.apache.hadoop.hive.ql.Driver.compileInternal(Driver.java:1826)
	at org.apache.hadoop.hive.ql.Driver.compileAndRespond(Driver.java:1773)
	at org.apache.hadoop.hive.ql.Driver.compileAndRespond(Driver.java:1768)
	at org.apache.hadoop.hive.ql.reexec.ReExecDriver.compileAndRespond(ReExecDriver.java:126)
	at org.apache.hive.service.cli.operation.SQLOperation.prepare(SQLOperation.java:197)
	at org.apache.hive.service.cli.operation.SQLOperation.runInternal(SQLOperation.java:260)
	at org.apache.hive.service.cli.operation.Operation.run(Operation.java:247)
	at org.apache.hive.service.cli.session.HiveSessionImpl.executeStatementInternal(HiveSessionImpl.java:541)
	at org.apache.hive.service.cli.session.HiveSessionImpl.executeStatementAsync(HiveSessionImpl.java:527)
	at sun.reflect.GeneratedMethodAccessor41.invoke(Unknown Source)
	at sun.reflect.DelegatingMethodAccessorImpl.invoke(DelegatingMethodAccessorImpl.java:43)
	at java.lang.reflect.Method.invoke(Method.java:498)
	at org.apache.hive.service.cli.session.HiveSessionProxy.invoke(HiveSessionProxy.java:78)
	at org.apache.hive.service.cli.session.HiveSessionProxy.access$000(HiveSessionProxy.java:36)
	at org.apache.hive.service.cli.session.HiveSessionProxy$1.run(HiveSessionProxy.java:63)
	at java.security.AccessController.doPrivileged(Native Method)
	at javax.security.auth.Subject.doAs(Subject.java:422)
	at org.apache.hadoop.security.UserGroupInformation.doAs(UserGroupInformation.java:1729)
	at org.apache.hive.service.cli.session.HiveSessionProxy.invoke(HiveSessionProxy.java:59)
	at com.sun.proxy.$Proxy44.executeStatementAsync(Unknown Source)
	at org.apache.hive.service.cli.CLIService.executeStatementAsync(CLIService.java:312)
	at org.apache.hive.service.cli.thrift.ThriftCLIService.ExecuteStatement(ThriftCLIService.java:562)
	at org.apache.hive.service.rpc.thrift.TCLIService$Processor$ExecuteStatement.getResult(TCLIService.java:1557)
	at org.apache.hive.service.rpc.thrift.TCLIService$Processor$ExecuteStatement.getResult(TCLIService.java:1542)
	at org.apache.thrift.ProcessFunction.process(ProcessFunction.java:39)
	at org.apache.thrift.TBaseProcessor.process(TBaseProcessor.java:39)
	at org.apache.hive.service.auth.TSetIpAddressProcessor.process(TSetIpAddressProcessor.java:56)
	at org.apache.thrift.server.TThreadPoolServer$WorkerProcess.run(TThreadPoolServer.java:286)
	at java.util.concurrent.ThreadPoolExecutor.runWorker(ThreadPoolExecutor.java:1149)
	at java.util.concurrent.ThreadPoolExecutor$Worker.run(ThreadPoolExecutor.java:624)
	at java.lang.Thread.run(Thread.java:748)
FAILED: ParseException line 1:5 cannot recognize input near 'show' 'indexes' 'on' in ddl statement
NoViableAltException(153@[917:1: ddlStatement : ( createDatabaseStatement | switchDatabaseStatement | dropDatabaseStatement | createTableStatement | dropTableStatement | truncateTableStatement | alterStatement | descStatement | showStatement | metastoreCheck | createViewStatement | createMaterializedViewStatement | dropViewStatement | dropMaterializedViewStatement | createFunctionStatement | createMacroStatement | dropFunctionStatement | reloadFunctionStatement | dropMacroStatement | analyzeStatement | lockStatement | unlockStatement | lockDatabase | unlockDatabase | createRoleStatement | dropRoleStatement | ( grantPrivileges )=> grantPrivileges | ( revokePrivileges )=> revokePrivileges | showGrants | showRoleGrants | showRolePrincipals | showRoles | grantRole | revokeRole | setRole | showCurrentRole | abortTransactionStatement | killQueryStatement | resourcePlanDdlStatements );])
	at org.antlr.runtime.DFA.noViableAlt(DFA.java:158)
	at org.antlr.runtime.DFA.predict(DFA.java:116)
	at org.apache.hadoop.hive.ql.parse.HiveParser.ddlStatement(HiveParser.java:4244)
	at org.apache.hadoop.hive.ql.parse.HiveParser.execStatement(HiveParser.java:2494)
	at org.apache.hadoop.hive.ql.parse.HiveParser.statement(HiveParser.java:1420)
	at org.apache.hadoop.hive.ql.parse.ParseDriver.parse(ParseDriver.java:220)
	at org.apache.hadoop.hive.ql.parse.ParseUtils.parse(ParseUtils.java:74)
	at org.apache.hadoop.hive.ql.parse.ParseUtils.parse(ParseUtils.java:67)
	at org.apache.hadoop.hive.ql.Driver.compile(Driver.java:616)
	at org.apache.hadoop.hive.ql.Driver.compileInternal(Driver.java:1826)
	at org.apache.hadoop.hive.ql.Driver.compileAndRespond(Driver.java:1773)
	at org.apache.hadoop.hive.ql.Driver.compileAndRespond(Driver.java:1768)
	at org.apache.hadoop.hive.ql.reexec.ReExecDriver.compileAndRespond(ReExecDriver.java:126)
	at org.apache.hive.service.cli.operation.SQLOperation.prepare(SQLOperation.java:197)
	at org.apache.hive.service.cli.operation.SQLOperation.runInternal(SQLOperation.java:260)
	at org.apache.hive.service.cli.operation.Operation.run(Operation.java:247)
	at org.apache.hive.service.cli.session.HiveSessionImpl.executeStatementInternal(HiveSessionImpl.java:541)
	at org.apache.hive.service.cli.session.HiveSessionImpl.executeStatementAsync(HiveSessionImpl.java:527)
	at sun.reflect.GeneratedMethodAccessor41.invoke(Unknown Source)
	at sun.reflect.DelegatingMethodAccessorImpl.invoke(DelegatingMethodAccessorImpl.java:43)
	at java.lang.reflect.Method.invoke(Method.java:498)
	at org.apache.hive.service.cli.session.HiveSessionProxy.invoke(HiveSessionProxy.java:78)
	at org.apache.hive.service.cli.session.HiveSessionProxy.access$000(HiveSessionProxy.java:36)
	at org.apache.hive.service.cli.session.HiveSessionProxy$1.run(HiveSessionProxy.java:63)
	at java.security.AccessController.doPrivileged(Native Method)
	at javax.security.auth.Subject.doAs(Subject.java:422)
	at org.apache.hadoop.security.UserGroupInformation.doAs(UserGroupInformation.java:1729)
	at org.apache.hive.service.cli.session.HiveSessionProxy.invoke(HiveSessionProxy.java:59)
	at com.sun.proxy.$Proxy44.executeStatementAsync(Unknown Source)
	at org.apache.hive.service.cli.CLIService.executeStatementAsync(CLIService.java:312)
	at org.apache.hive.service.cli.thrift.ThriftCLIService.ExecuteStatement(ThriftCLIService.java:562)
	at org.apache.hive.service.rpc.thrift.TCLIService$Processor$ExecuteStatement.getResult(TCLIService.java:1557)
	at org.apache.hive.service.rpc.thrift.TCLIService$Processor$ExecuteStatement.getResult(TCLIService.java:1542)
	at org.apache.thrift.ProcessFunction.process(ProcessFunction.java:39)
	at org.apache.thrift.TBaseProcessor.process(TBaseProcessor.java:39)
	at org.apache.hive.service.auth.TSetIpAddressProcessor.process(TSetIpAddressProcessor.java:56)
	at org.apache.thrift.server.TThreadPoolServer$WorkerProcess.run(TThreadPoolServer.java:286)
	at java.util.concurrent.ThreadPoolExecutor.runWorker(ThreadPoolExecutor.java:1149)
	at java.util.concurrent.ThreadPoolExecutor$Worker.run(ThreadPoolExecutor.java:624)
	at java.lang.Thread.run(Thread.java:748)
FAILED: ParseException line 1:5 cannot recognize input near 'show' 'indexes' 'on' in ddl statement
OK
OK
OK
OK
OK
OK
OK
OK
OK
OK
OK
OK
OK
OK
OK
OK
OK
FAILED: Execution Error, return code 1 from org.apache.hadoop.hive.ql.exec.DDLTask. Current user : zhenhao is not allowed to list roles. User has to belong to ADMIN role and have it as current role, for this action.
FAILED: Execution Error, return code 1 from org.apache.hadoop.hive.ql.exec.DDLTask. Current user : zhenhao is not allowed get principals in a role. User has to belong to ADMIN role and have it as current role, for this action. Otherwise, grantor need to have ADMIN OPTION on role being granted and have it as a current role for this action.
OK
OK
OK
OK
OK
OK
OK
OK
OK
OK
OK
NoViableAltException(153@[917:1: ddlStatement : ( createDatabaseStatement | switchDatabaseStatement | dropDatabaseStatement | createTableStatement | dropTableStatement | truncateTableStatement | alterStatement | descStatement | showStatement | metastoreCheck | createViewStatement | createMaterializedViewStatement | dropViewStatement | dropMaterializedViewStatement | createFunctionStatement | createMacroStatement | dropFunctionStatement | reloadFunctionStatement | dropMacroStatement | analyzeStatement | lockStatement | unlockStatement | lockDatabase | unlockDatabase | createRoleStatement | dropRoleStatement | ( grantPrivileges )=> grantPrivileges | ( revokePrivileges )=> revokePrivileges | showGrants | showRoleGrants | showRolePrincipals | showRoles | grantRole | revokeRole | setRole | showCurrentRole | abortTransactionStatement | killQueryStatement | resourcePlanDdlStatements );])
	at org.antlr.runtime.DFA.noViableAlt(DFA.java:158)
	at org.antlr.runtime.DFA.predict(DFA.java:116)
	at org.apache.hadoop.hive.ql.parse.HiveParser.ddlStatement(HiveParser.java:4244)
	at org.apache.hadoop.hive.ql.parse.HiveParser.execStatement(HiveParser.java:2494)
	at org.apache.hadoop.hive.ql.parse.HiveParser.statement(HiveParser.java:1420)
	at org.apache.hadoop.hive.ql.parse.ParseDriver.parse(ParseDriver.java:220)
	at org.apache.hadoop.hive.ql.parse.ParseUtils.parse(ParseUtils.java:74)
	at org.apache.hadoop.hive.ql.parse.ParseUtils.parse(ParseUtils.java:67)
	at org.apache.hadoop.hive.ql.Driver.compile(Driver.java:616)
	at org.apache.hadoop.hive.ql.Driver.compileInternal(Driver.java:1826)
	at org.apache.hadoop.hive.ql.Driver.compileAndRespond(Driver.java:1773)
	at org.apache.hadoop.hive.ql.Driver.compileAndRespond(Driver.java:1768)
	at org.apache.hadoop.hive.ql.reexec.ReExecDriver.compileAndRespond(ReExecDriver.java:126)
	at org.apache.hive.service.cli.operation.SQLOperation.prepare(SQLOperation.java:197)
	at org.apache.hive.service.cli.operation.SQLOperation.runInternal(SQLOperation.java:260)
	at org.apache.hive.service.cli.operation.Operation.run(Operation.java:247)
	at org.apache.hive.service.cli.session.HiveSessionImpl.executeStatementInternal(HiveSessionImpl.java:541)
	at org.apache.hive.service.cli.session.HiveSessionImpl.executeStatementAsync(HiveSessionImpl.java:527)
	at sun.reflect.GeneratedMethodAccessor41.invoke(Unknown Source)
	at sun.reflect.DelegatingMethodAccessorImpl.invoke(DelegatingMethodAccessorImpl.java:43)
	at java.lang.reflect.Method.invoke(Method.java:498)
	at org.apache.hive.service.cli.session.HiveSessionProxy.invoke(HiveSessionProxy.java:78)
	at org.apache.hive.service.cli.session.HiveSessionProxy.access$000(HiveSessionProxy.java:36)
	at org.apache.hive.service.cli.session.HiveSessionProxy$1.run(HiveSessionProxy.java:63)
	at java.security.AccessController.doPrivileged(Native Method)
	at javax.security.auth.Subject.doAs(Subject.java:422)
	at org.apache.hadoop.security.UserGroupInformation.doAs(UserGroupInformation.java:1729)
	at org.apache.hive.service.cli.session.HiveSessionProxy.invoke(HiveSessionProxy.java:59)
	at com.sun.proxy.$Proxy44.executeStatementAsync(Unknown Source)
	at org.apache.hive.service.cli.CLIService.executeStatementAsync(CLIService.java:312)
	at org.apache.hive.service.cli.thrift.ThriftCLIService.ExecuteStatement(ThriftCLIService.java:562)
	at org.apache.hive.service.rpc.thrift.TCLIService$Processor$ExecuteStatement.getResult(TCLIService.java:1557)
	at org.apache.hive.service.rpc.thrift.TCLIService$Processor$ExecuteStatement.getResult(TCLIService.java:1542)
	at org.apache.thrift.ProcessFunction.process(ProcessFunction.java:39)
	at org.apache.thrift.TBaseProcessor.process(TBaseProcessor.java:39)
	at org.apache.hive.service.auth.TSetIpAddressProcessor.process(TSetIpAddressProcessor.java:56)
	at org.apache.thrift.server.TThreadPoolServer$WorkerProcess.run(TThreadPoolServer.java:286)
	at java.util.concurrent.ThreadPoolExecutor.runWorker(ThreadPoolExecutor.java:1149)
	at java.util.concurrent.ThreadPoolExecutor$Worker.run(ThreadPoolExecutor.java:624)
	at java.lang.Thread.run(Thread.java:748)
FAILED: ParseException line 1:5 cannot recognize input near 'show' 'indexes' 'on' in ddl statement
OK
Query ID = zhenhao_20230515151507_1e191939-cc95-4d7f-903e-f7db7d1d8919
Total jobs = 1
Launching Job 1 out of 1
In order to change the average load for a reducer (in bytes):
  set hive.exec.reducers.bytes.per.reducer=<number>
In order to limit the maximum number of reducers:
  set hive.exec.reducers.max=<number>
In order to set a constant number of reducers:
  set mapreduce.job.reduces=<number>
FAILED: SemanticException [Error 10001]: Table not found ods_activity_info_full
FAILED: SemanticException [Error 10001]: Table not found ods_cart_info_full
OK
OK
NoViableAltException(153@[917:1: ddlStatement : ( createDatabaseStatement | switchDatabaseStatement | dropDatabaseStatement | createTableStatement | dropTableStatement | truncateTableStatement | alterStatement | descStatement | showStatement | metastoreCheck | createViewStatement | createMaterializedViewStatement | dropViewStatement | dropMaterializedViewStatement | createFunctionStatement | createMacroStatement | dropFunctionStatement | reloadFunctionStatement | dropMacroStatement | analyzeStatement | lockStatement | unlockStatement | lockDatabase | unlockDatabase | createRoleStatement | dropRoleStatement | ( grantPrivileges )=> grantPrivileges | ( revokePrivileges )=> revokePrivileges | showGrants | showRoleGrants | showRolePrincipals | showRoles | grantRole | revokeRole | setRole | showCurrentRole | abortTransactionStatement | killQueryStatement | resourcePlanDdlStatements );])
	at org.antlr.runtime.DFA.noViableAlt(DFA.java:158)
	at org.antlr.runtime.DFA.predict(DFA.java:116)
	at org.apache.hadoop.hive.ql.parse.HiveParser.ddlStatement(HiveParser.java:4244)
	at org.apache.hadoop.hive.ql.parse.HiveParser.execStatement(HiveParser.java:2494)
	at org.apache.hadoop.hive.ql.parse.HiveParser.statement(HiveParser.java:1420)
	at org.apache.hadoop.hive.ql.parse.ParseDriver.parse(ParseDriver.java:220)
	at org.apache.hadoop.hive.ql.parse.ParseUtils.parse(ParseUtils.java:74)
	at org.apache.hadoop.hive.ql.parse.ParseUtils.parse(ParseUtils.java:67)
	at org.apache.hadoop.hive.ql.Driver.compile(Driver.java:616)
	at org.apache.hadoop.hive.ql.Driver.compileInternal(Driver.java:1826)
	at org.apache.hadoop.hive.ql.Driver.compileAndRespond(Driver.java:1773)
	at org.apache.hadoop.hive.ql.Driver.compileAndRespond(Driver.java:1768)
	at org.apache.hadoop.hive.ql.reexec.ReExecDriver.compileAndRespond(ReExecDriver.java:126)
	at org.apache.hive.service.cli.operation.SQLOperation.prepare(SQLOperation.java:197)
	at org.apache.hive.service.cli.operation.SQLOperation.runInternal(SQLOperation.java:260)
	at org.apache.hive.service.cli.operation.Operation.run(Operation.java:247)
	at org.apache.hive.service.cli.session.HiveSessionImpl.executeStatementInternal(HiveSessionImpl.java:541)
	at org.apache.hive.service.cli.session.HiveSessionImpl.executeStatementAsync(HiveSessionImpl.java:527)
	at sun.reflect.GeneratedMethodAccessor41.invoke(Unknown Source)
	at sun.reflect.DelegatingMethodAccessorImpl.invoke(DelegatingMethodAccessorImpl.java:43)
	at java.lang.reflect.Method.invoke(Method.java:498)
	at org.apache.hive.service.cli.session.HiveSessionProxy.invoke(HiveSessionProxy.java:78)
	at org.apache.hive.service.cli.session.HiveSessionProxy.access$000(HiveSessionProxy.java:36)
	at org.apache.hive.service.cli.session.HiveSessionProxy$1.run(HiveSessionProxy.java:63)
	at java.security.AccessController.doPrivileged(Native Method)
	at javax.security.auth.Subject.doAs(Subject.java:422)
	at org.apache.hadoop.security.UserGroupInformation.doAs(UserGroupInformation.java:1729)
	at org.apache.hive.service.cli.session.HiveSessionProxy.invoke(HiveSessionProxy.java:59)
	at com.sun.proxy.$Proxy44.executeStatementAsync(Unknown Source)
	at org.apache.hive.service.cli.CLIService.executeStatementAsync(CLIService.java:312)
	at org.apache.hive.service.cli.thrift.ThriftCLIService.ExecuteStatement(ThriftCLIService.java:562)
	at org.apache.hive.service.rpc.thrift.TCLIService$Processor$ExecuteStatement.getResult(TCLIService.java:1557)
	at org.apache.hive.service.rpc.thrift.TCLIService$Processor$ExecuteStatement.getResult(TCLIService.java:1542)
	at org.apache.thrift.ProcessFunction.process(ProcessFunction.java:39)
	at org.apache.thrift.TBaseProcessor.process(TBaseProcessor.java:39)
	at org.apache.hive.service.auth.TSetIpAddressProcessor.process(TSetIpAddressProcessor.java:56)
	at org.apache.thrift.server.TThreadPoolServer$WorkerProcess.run(TThreadPoolServer.java:286)
	at java.util.concurrent.ThreadPoolExecutor.runWorker(ThreadPoolExecutor.java:1149)
	at java.util.concurrent.ThreadPoolExecutor$Worker.run(ThreadPoolExecutor.java:624)
	at java.lang.Thread.run(Thread.java:748)
FAILED: ParseException line 1:5 cannot recognize input near 'show' 'indexes' 'on' in ddl statement
NoViableAltException(153@[917:1: ddlStatement : ( createDatabaseStatement | switchDatabaseStatement | dropDatabaseStatement | createTableStatement | dropTableStatement | truncateTableStatement | alterStatement | descStatement | showStatement | metastoreCheck | createViewStatement | createMaterializedViewStatement | dropViewStatement | dropMaterializedViewStatement | createFunctionStatement | createMacroStatement | dropFunctionStatement | reloadFunctionStatement | dropMacroStatement | analyzeStatement | lockStatement | unlockStatement | lockDatabase | unlockDatabase | createRoleStatement | dropRoleStatement | ( grantPrivileges )=> grantPrivileges | ( revokePrivileges )=> revokePrivileges | showGrants | showRoleGrants | showRolePrincipals | showRoles | grantRole | revokeRole | setRole | showCurrentRole | abortTransactionStatement | killQueryStatement | resourcePlanDdlStatements );])
	at org.antlr.runtime.DFA.noViableAlt(DFA.java:158)
	at org.antlr.runtime.DFA.predict(DFA.java:116)
	at org.apache.hadoop.hive.ql.parse.HiveParser.ddlStatement(HiveParser.java:4244)
	at org.apache.hadoop.hive.ql.parse.HiveParser.execStatement(HiveParser.java:2494)
	at org.apache.hadoop.hive.ql.parse.HiveParser.statement(HiveParser.java:1420)
	at org.apache.hadoop.hive.ql.parse.ParseDriver.parse(ParseDriver.java:220)
	at org.apache.hadoop.hive.ql.parse.ParseUtils.parse(ParseUtils.java:74)
	at org.apache.hadoop.hive.ql.parse.ParseUtils.parse(ParseUtils.java:67)
	at org.apache.hadoop.hive.ql.Driver.compile(Driver.java:616)
	at org.apache.hadoop.hive.ql.Driver.compileInternal(Driver.java:1826)
	at org.apache.hadoop.hive.ql.Driver.compileAndRespond(Driver.java:1773)
	at org.apache.hadoop.hive.ql.Driver.compileAndRespond(Driver.java:1768)
	at org.apache.hadoop.hive.ql.reexec.ReExecDriver.compileAndRespond(ReExecDriver.java:126)
	at org.apache.hive.service.cli.operation.SQLOperation.prepare(SQLOperation.java:197)
	at org.apache.hive.service.cli.operation.SQLOperation.runInternal(SQLOperation.java:260)
	at org.apache.hive.service.cli.operation.Operation.run(Operation.java:247)
	at org.apache.hive.service.cli.session.HiveSessionImpl.executeStatementInternal(HiveSessionImpl.java:541)
	at org.apache.hive.service.cli.session.HiveSessionImpl.executeStatementAsync(HiveSessionImpl.java:527)
	at sun.reflect.GeneratedMethodAccessor41.invoke(Unknown Source)
	at sun.reflect.DelegatingMethodAccessorImpl.invoke(DelegatingMethodAccessorImpl.java:43)
	at java.lang.reflect.Method.invoke(Method.java:498)
	at org.apache.hive.service.cli.session.HiveSessionProxy.invoke(HiveSessionProxy.java:78)
	at org.apache.hive.service.cli.session.HiveSessionProxy.access$000(HiveSessionProxy.java:36)
	at org.apache.hive.service.cli.session.HiveSessionProxy$1.run(HiveSessionProxy.java:63)
	at java.security.AccessController.doPrivileged(Native Method)
	at javax.security.auth.Subject.doAs(Subject.java:422)
	at org.apache.hadoop.security.UserGroupInformation.doAs(UserGroupInformation.java:1729)
	at org.apache.hive.service.cli.session.HiveSessionProxy.invoke(HiveSessionProxy.java:59)
	at com.sun.proxy.$Proxy44.executeStatementAsync(Unknown Source)
	at org.apache.hive.service.cli.CLIService.executeStatementAsync(CLIService.java:312)
	at org.apache.hive.service.cli.thrift.ThriftCLIService.ExecuteStatement(ThriftCLIService.java:562)
	at org.apache.hive.service.rpc.thrift.TCLIService$Processor$ExecuteStatement.getResult(TCLIService.java:1557)
	at org.apache.hive.service.rpc.thrift.TCLIService$Processor$ExecuteStatement.getResult(TCLIService.java:1542)
	at org.apache.thrift.ProcessFunction.process(ProcessFunction.java:39)
	at org.apache.thrift.TBaseProcessor.process(TBaseProcessor.java:39)
	at org.apache.hive.service.auth.TSetIpAddressProcessor.process(TSetIpAddressProcessor.java:56)
	at org.apache.thrift.server.TThreadPoolServer$WorkerProcess.run(TThreadPoolServer.java:286)
	at java.util.concurrent.ThreadPoolExecutor.runWorker(ThreadPoolExecutor.java:1149)
	at java.util.concurrent.ThreadPoolExecutor$Worker.run(ThreadPoolExecutor.java:624)
	at java.lang.Thread.run(Thread.java:748)
FAILED: ParseException line 1:5 cannot recognize input near 'show' 'indexes' 'on' in ddl statement
OK
OK
OK
Running with YARN Application = application_1684128165178_0009
Kill Command = /opt/module/hadoop/bin/yarn application -kill application_1684128165178_0009
Hive on Spark Session Web UI URL: http://HadoopKL102:45498

Query Hive on Spark job[2] stages: [3, 4]
Spark job[2] status = RUNNING
Job Progress Format
CurrentTime StageId_StageAttemptId: SucceededTasksCount(+RunningTasksCount-FailedTasksCount)/TotalTasksCount
2023-05-15 15:15:12,295	Stage-3_0: 0(+1)/1	Stage-4_0: 0/2	
OK
OK
2023-05-15 15:15:13,309	Stage-3_0: 1/1 Finished	Stage-4_0: 1(+1)/2	
OK
OK
OK
OK
OK
OK
OK
OK
2023-05-15 15:15:16,495	Stage-3_0: 1/1 Finished	Stage-4_0: 1(+1)/2	
OK
OK
OK
OK
2023-05-15 15:15:19,864	Stage-3_0: 1/1 Finished	Stage-4_0: 1(+1)/2	
2023-05-15 15:15:21,888	Stage-3_0: 1/1 Finished	Stage-4_0: 2/2 Finished	
Spark job[2] finished successfully in 12.05 second(s)
Loading data to table gmall.ods_cart_info_full partition (dt=null)


	 Time taken to load dynamic partitions: 0.278 seconds
	 Time taken for adding to write entity : 0.0 seconds
OK
OK
OK
OK
OK
Hive Session ID = e55683cf-7d3a-499d-ba55-d6d5d9bbb528
Hive Session ID = c28ce145-319f-446c-a2a9-e6c0f840656f
Hive Session ID = 8f42b28e-7716-4392-aac9-1d89a5ec6250
Hive Session ID = ec9ba6bf-3fe7-4410-8327-cd71bf719a76
Hive Session ID = cfbc4ba6-c265-4939-84b5-3a614026f974
Hive Session ID = 399485e1-9841-4e8f-b9f3-c2dc3595db2d
Hive Session ID = 8a07a034-5b0c-4805-a0f0-55424e94b168
Hive Session ID = eea2d0be-5dff-46fe-bdc3-0f09acdaa049
Hive Session ID = 39b76740-e4b8-4de5-b884-24cb0a80ed1e
Hive Session ID = ca66ca15-bbcd-46a6-ba23-19be5503fe41
Hive Session ID = 0b6523f9-db1d-4eb7-b4b9-def4df40b7e8
Hive Session ID = eea08660-9e44-4751-81c9-90b4cb09e427
Hive Session ID = 94f8e864-b287-4df6-9c85-3165ed444045
Hive Session ID = 70a25f34-2409-4976-be53-e6b786ac1e7b
Hive Session ID = f3ade8dc-27b9-4667-a098-97b3b7f0cf39
Hive Session ID = 87d5c93e-13c7-4468-bcf1-4a8b8e1862da
Hive Session ID = 5ff0afc7-ec3d-43f9-a4ed-f9a829081545
Hive Session ID = e65d50b6-b5fd-4728-bebc-c9889b768fdd
Hive Session ID = 2f0783ee-aaf7-4c1e-836d-aa5bd49c78a0
Hive Session ID = 1ccd8d67-6dc7-4326-b753-d915606f1b72
